c:\users\student\desktop\command_game\ploject\3d_game\mydxlibgame3d\release\vc140.pdb
c:\users\student\desktop\command_game\ploject\3d_game\mydxlibgame3d\release\window.obj
c:\users\student\desktop\command_game\ploject\3d_game\mydxlibgame3d\release\title.obj
c:\users\student\desktop\command_game\ploject\3d_game\mydxlibgame3d\release\player.obj
c:\users\student\desktop\command_game\ploject\3d_game\mydxlibgame3d\release\npc.obj
c:\users\student\desktop\command_game\ploject\3d_game\mydxlibgame3d\release\music.obj
c:\users\student\desktop\command_game\ploject\3d_game\mydxlibgame3d\release\map.obj
c:\users\student\desktop\command_game\ploject\3d_game\mydxlibgame3d\release\main.obj
c:\users\student\desktop\command_game\ploject\3d_game\mydxlibgame3d\release\memory.obj
c:\users\student\desktop\command_game\ploject\3d_game\mydxlibgame3d\release\load.obj
c:\users\student\desktop\command_game\ploject\3d_game\mydxlibgame3d\release\inputkey.obj
c:\users\student\desktop\command_game\ploject\3d_game\mydxlibgame3d\release\function.obj
c:\users\student\desktop\command_game\ploject\3d_game\mydxlibgame3d\release\field.obj
c:\users\student\desktop\command_game\ploject\3d_game\mydxlibgame3d\release\enemy.obj
c:\users\student\desktop\command_game\ploject\3d_game\mydxlibgame3d\release\effect.obj
c:\users\student\desktop\command_game\ploject\3d_game\mydxlibgame3d\release\comment_string.obj
c:\users\student\desktop\command_game\ploject\3d_game\mydxlibgame3d\release\camera.obj
c:\users\student\desktop\command_game\ploject\3d_game\mydxlibgame3d\release\bitmaptext.obj
c:\users\student\desktop\command_game\ploject\3d_game\mydxlibgame3d\release\battle.obj
c:\users\student\desktop\command_game\ploject\3d_game\mydxlibgame3d\release\save.obj
c:\users\student\desktop\command_game\ploject\3d_game\game.exe
c:\users\student\desktop\command_game\ploject\3d_game\game.ipdb
c:\users\student\desktop\command_game\ploject\3d_game\game.iobj
c:\users\student\desktop\command_game\ploject\3d_game\game.pdb
c:\users\student\desktop\command_game\ploject\3d_game\mydxlibgame3d\release\3d_game.tlog\cl.command.1.tlog
c:\users\student\desktop\command_game\ploject\3d_game\mydxlibgame3d\release\3d_game.tlog\cl.read.1.tlog
c:\users\student\desktop\command_game\ploject\3d_game\mydxlibgame3d\release\3d_game.tlog\cl.write.1.tlog
c:\users\student\desktop\command_game\ploject\3d_game\mydxlibgame3d\release\3d_game.tlog\link.command.1.tlog
c:\users\student\desktop\command_game\ploject\3d_game\mydxlibgame3d\release\3d_game.tlog\link.read.1.tlog
c:\users\student\desktop\command_game\ploject\3d_game\mydxlibgame3d\release\3d_game.tlog\link.write.1.tlog
